[debug] [2025-07-01T17:51:10.736Z] ----------------------------------------------------------------------
[debug] [2025-07-01T17:51:10.738Z] Command:       /nix/store/rbdrkcs5kkwpalxcd7c6bnm33lk2955n-nodejs-20.19.0/bin/node /home/user/.global_modules/bin/firebase deploy --only functions
[debug] [2025-07-01T17:51:10.739Z] CLI Version:   14.9.0
[debug] [2025-07-01T17:51:10.739Z] Platform:      linux
[debug] [2025-07-01T17:51:10.739Z] Node Version:  v20.19.0
[debug] [2025-07-01T17:51:10.739Z] Time:          Tue Jul 01 2025 17:51:10 GMT+0000 (Coordinated Universal Time)
[debug] [2025-07-01T17:51:10.740Z] ----------------------------------------------------------------------
[debug] 
[debug] [2025-07-01T17:51:11.191Z] > command requires scopes: ["email","openid","https://www.googleapis.com/auth/cloudplatformprojects.readonly","https://www.googleapis.com/auth/firebase","https://www.googleapis.com/auth/cloud-platform"]
[debug] [2025-07-01T17:51:11.192Z] > authorizing via signed-in user (verton3@gmail.com)
[debug] [2025-07-01T17:51:11.192Z] [iam] checking project appterritorios-e5bb5 for permissions ["cloudfunctions.functions.create","cloudfunctions.functions.delete","cloudfunctions.functions.get","cloudfunctions.functions.list","cloudfunctions.functions.update","cloudfunctions.operations.get","firebase.projects.get"]
[debug] [2025-07-01T17:51:11.194Z] No OAuth tokens found
[debug] [2025-07-01T17:51:11.194Z] No OAuth tokens found
[debug] [2025-07-01T17:51:11.195Z] > command requires scopes: ["email","openid","https://www.googleapis.com/auth/cloudplatformprojects.readonly","https://www.googleapis.com/auth/firebase","https://www.googleapis.com/auth/cloud-platform"]
[debug] [2025-07-01T17:51:11.195Z] > authorizing via signed-in user (verton3@gmail.com)
[debug] [2025-07-01T17:51:11.197Z] >>> [apiv2][query] POST https://cloudresourcemanager.googleapis.com/v1/projects/appterritorios-e5bb5:testIamPermissions [none]
[debug] [2025-07-01T17:51:11.197Z] >>> [apiv2][(partial)header] POST https://cloudresourcemanager.googleapis.com/v1/projects/appterritorios-e5bb5:testIamPermissions x-goog-quota-user=projects/appterritorios-e5bb5
[debug] [2025-07-01T17:51:11.198Z] >>> [apiv2][body] POST https://cloudresourcemanager.googleapis.com/v1/projects/appterritorios-e5bb5:testIamPermissions {"permissions":["cloudfunctions.functions.create","cloudfunctions.functions.delete","cloudfunctions.functions.get","cloudfunctions.functions.list","cloudfunctions.functions.update","cloudfunctions.operations.get","firebase.projects.get"]}
[debug] [2025-07-01T17:51:11.467Z] <<< [apiv2][status] POST https://cloudresourcemanager.googleapis.com/v1/projects/appterritorios-e5bb5:testIamPermissions 200
[debug] [2025-07-01T17:51:11.467Z] <<< [apiv2][body] POST https://cloudresourcemanager.googleapis.com/v1/projects/appterritorios-e5bb5:testIamPermissions {"permissions":["cloudfunctions.functions.create","cloudfunctions.functions.delete","cloudfunctions.functions.get","cloudfunctions.functions.list","cloudfunctions.functions.update","cloudfunctions.operations.get","firebase.projects.get"]}
[debug] [2025-07-01T17:51:11.471Z] No OAuth tokens found
[debug] [2025-07-01T17:51:11.471Z] No OAuth tokens found
[debug] [2025-07-01T17:51:11.471Z] > command requires scopes: ["email","openid","https://www.googleapis.com/auth/cloudplatformprojects.readonly","https://www.googleapis.com/auth/firebase","https://www.googleapis.com/auth/cloud-platform"]
[debug] [2025-07-01T17:51:11.471Z] > authorizing via signed-in user (verton3@gmail.com)
[debug] [2025-07-01T17:51:11.471Z] >>> [apiv2][query] POST https://iam.googleapis.com/v1/projects/appterritorios-e5bb5/serviceAccounts/appterritorios-e5bb5@appspot.gserviceaccount.com:testIamPermissions [none]
[debug] [2025-07-01T17:51:11.472Z] >>> [apiv2][body] POST https://iam.googleapis.com/v1/projects/appterritorios-e5bb5/serviceAccounts/appterritorios-e5bb5@appspot.gserviceaccount.com:testIamPermissions {"permissions":["iam.serviceAccounts.actAs"]}
[debug] [2025-07-01T17:51:12.367Z] <<< [apiv2][status] POST https://iam.googleapis.com/v1/projects/appterritorios-e5bb5/serviceAccounts/appterritorios-e5bb5@appspot.gserviceaccount.com:testIamPermissions 200
[debug] [2025-07-01T17:51:12.367Z] <<< [apiv2][body] POST https://iam.googleapis.com/v1/projects/appterritorios-e5bb5/serviceAccounts/appterritorios-e5bb5@appspot.gserviceaccount.com:testIamPermissions {"permissions":["iam.serviceAccounts.actAs"]}
[info] 
[info] === Deploying to 'appterritorios-e5bb5'...
[info] 
[info] i  deploying functions 
[debug] [2025-07-01T17:51:12.377Z] No OAuth tokens found
[debug] [2025-07-01T17:51:12.377Z] No OAuth tokens found
[debug] [2025-07-01T17:51:12.377Z] > command requires scopes: ["email","openid","https://www.googleapis.com/auth/cloudplatformprojects.readonly","https://www.googleapis.com/auth/firebase","https://www.googleapis.com/auth/cloud-platform"]
[debug] [2025-07-01T17:51:12.378Z] > authorizing via signed-in user (verton3@gmail.com)
[debug] [2025-07-01T17:51:12.379Z] >>> [apiv2][query] GET https://cloudresourcemanager.googleapis.com/v1/projects/appterritorios-e5bb5 [none]
[debug] [2025-07-01T17:51:12.617Z] <<< [apiv2][status] GET https://cloudresourcemanager.googleapis.com/v1/projects/appterritorios-e5bb5 200
[debug] [2025-07-01T17:51:12.617Z] <<< [apiv2][body] GET https://cloudresourcemanager.googleapis.com/v1/projects/appterritorios-e5bb5 {"projectNumber":"83629039662","projectId":"appterritorios-e5bb5","lifecycleState":"ACTIVE","name":"AppTerritorios","labels":{"firebase":"enabled","firebase-core":"disabled"},"createTime":"2025-06-23T02:34:19.000625Z"}
[info] i  functions: preparing codebase default for deployment 
[info] i  functions: ensuring required API cloudfunctions.googleapis.com is enabled... 
[info] i  functions: ensuring required API cloudbuild.googleapis.com is enabled... 
[info] i  artifactregistry: ensuring required API artifactregistry.googleapis.com is enabled... 
[debug] [2025-07-01T17:51:12.620Z] No OAuth tokens found
[debug] [2025-07-01T17:51:12.620Z] No OAuth tokens found
[debug] [2025-07-01T17:51:12.620Z] > command requires scopes: ["email","openid","https://www.googleapis.com/auth/cloudplatformprojects.readonly","https://www.googleapis.com/auth/firebase","https://www.googleapis.com/auth/cloud-platform"]
[debug] [2025-07-01T17:51:12.620Z] > authorizing via signed-in user (verton3@gmail.com)
[debug] [2025-07-01T17:51:12.627Z] >>> [apiv2][query] GET https://firebase.googleapis.com/v1beta1/projects/appterritorios-e5bb5/adminSdkConfig [none]
[debug] [2025-07-01T17:51:12.873Z] <<< [apiv2][status] GET https://firebase.googleapis.com/v1beta1/projects/appterritorios-e5bb5/adminSdkConfig 200
[debug] [2025-07-01T17:51:12.873Z] <<< [apiv2][body] GET https://firebase.googleapis.com/v1beta1/projects/appterritorios-e5bb5/adminSdkConfig {"projectId":"appterritorios-e5bb5","storageBucket":"appterritorios-e5bb5.firebasestorage.app"}
[debug] [2025-07-01T17:51:12.874Z] No OAuth tokens found
[debug] [2025-07-01T17:51:12.875Z] No OAuth tokens found
[debug] [2025-07-01T17:51:12.875Z] > command requires scopes: ["email","openid","https://www.googleapis.com/auth/cloudplatformprojects.readonly","https://www.googleapis.com/auth/firebase","https://www.googleapis.com/auth/cloud-platform"]
[debug] [2025-07-01T17:51:12.876Z] > authorizing via signed-in user (verton3@gmail.com)
[debug] [2025-07-01T17:51:12.876Z] >>> [apiv2][query] GET https://runtimeconfig.googleapis.com/v1beta1/projects/appterritorios-e5bb5/configs [none]
[debug] [2025-07-01T17:51:13.106Z] <<< [apiv2][status] GET https://runtimeconfig.googleapis.com/v1beta1/projects/appterritorios-e5bb5/configs 200
[debug] [2025-07-01T17:51:13.106Z] <<< [apiv2][body] GET https://runtimeconfig.googleapis.com/v1beta1/projects/appterritorios-e5bb5/configs {}
[debug] [2025-07-01T17:51:13.111Z] Validating nodejs source
[warn] ⚠  functions: Runtime Node.js 18 was deprecated on 2025-04-30 and will be decommissioned on 2025-10-30, after which you will not be able to deploy without upgrading. Consider upgrading now to avoid disruption. See https://cloud.google.com/functions/docs/runtime-support for full details on the lifecycle policy 
[warn] ⚠  functions: package.json indicates an outdated version of firebase-functions. Please upgrade using npm install --save firebase-functions@latest in your functions directory. 
[warn] ⚠  functions: Please note that there will be breaking changes when you upgrade. 
[debug] [2025-07-01T17:51:13.791Z] > [functions] package.json contents: {
  "name": "functions",
  "description": "Cloud Functions for Firebase",
  "scripts": {
    "build": "tsc",
    "serve": "npm run build && firebase emulators:start --only functions",
    "shell": "npm run build && firebase functions:shell",
    "start": "npm run shell",
    "deploy": "firebase deploy --only functions",
    "logs": "firebase functions:log"
  },
  "engines": {
    "node": "18"
  },
  "main": "lib/index.js",
  "dependencies": {
    "firebase-admin": "^12.0.0",
    "firebase-functions": "^5.0.0"
  },
  "devDependencies": {
    "typescript": "^5.0.0"
  },
  "private": true
}
[debug] [2025-07-01T17:51:13.792Z] Building nodejs source
[info] i  functions: Loading and analyzing source code for codebase default to determine what to deploy 
[debug] [2025-07-01T17:51:13.794Z] Could not find functions.yaml. Must use http discovery
[debug] [2025-07-01T17:51:13.807Z] Found firebase-functions binary at '/home/user/studio/functions/node_modules/.bin/firebase-functions'
[info] Serving at port 8694

[debug] [2025-07-01T17:51:15.167Z] Got response from /__/functions.yaml {"endpoints":{"notifyAdminOfNewUser":{"platform":"gcfv1","availableMemoryMb":null,"timeoutSeconds":null,"minInstances":null,"maxInstances":null,"ingressSettings":null,"serviceAccountEmail":null,"vpc":null,"eventTrigger":{"eventType":"providers/cloud.firestore/eventTypes/document.create","eventFilters":{"resource":"projects/appterritorios-e5bb5/databases/(default)/documents/users/{userId}"},"retry":false},"labels":{},"entryPoint":"notifyAdminOfNewUser"},"deleteUserAccount":{"platform":"gcfv1","labels":{},"availableMemoryMb":null,"timeoutSeconds":null,"minInstances":null,"maxInstances":null,"ingressSettings":null,"serviceAccountEmail":null,"vpc":null,"callableTrigger":{},"entryPoint":"deleteUserAccount"}},"specVersion":"v1alpha1","requiredAPIs":[],"extensions":{}}
[info] i  extensions: ensuring required API firebaseextensions.googleapis.com is enabled... 
[debug] [2025-07-01T17:51:19.213Z] > command requires scopes: ["email","openid","https://www.googleapis.com/auth/cloudplatformprojects.readonly","https://www.googleapis.com/auth/firebase","https://www.googleapis.com/auth/cloud-platform"]
[debug] [2025-07-01T17:51:19.214Z] > authorizing via signed-in user (verton3@gmail.com)
[debug] [2025-07-01T17:51:19.214Z] [iam] checking project appterritorios-e5bb5 for permissions ["firebase.projects.get","firebaseextensions.instances.list"]
[debug] [2025-07-01T17:51:19.214Z] No OAuth tokens found
[debug] [2025-07-01T17:51:19.214Z] No OAuth tokens found
[debug] [2025-07-01T17:51:19.214Z] > command requires scopes: ["email","openid","https://www.googleapis.com/auth/cloudplatformprojects.readonly","https://www.googleapis.com/auth/firebase","https://www.googleapis.com/auth/cloud-platform"]
[debug] [2025-07-01T17:51:19.215Z] > authorizing via signed-in user (verton3@gmail.com)
[debug] [2025-07-01T17:51:19.216Z] >>> [apiv2][query] POST https://cloudresourcemanager.googleapis.com/v1/projects/appterritorios-e5bb5:testIamPermissions [none]
[debug] [2025-07-01T17:51:19.217Z] >>> [apiv2][(partial)header] POST https://cloudresourcemanager.googleapis.com/v1/projects/appterritorios-e5bb5:testIamPermissions x-goog-quota-user=projects/appterritorios-e5bb5
[debug] [2025-07-01T17:51:19.217Z] >>> [apiv2][body] POST https://cloudresourcemanager.googleapis.com/v1/projects/appterritorios-e5bb5:testIamPermissions {"permissions":["firebase.projects.get","firebaseextensions.instances.list"]}
[debug] [2025-07-01T17:51:20.075Z] <<< [apiv2][status] POST https://cloudresourcemanager.googleapis.com/v1/projects/appterritorios-e5bb5:testIamPermissions 200
[debug] [2025-07-01T17:51:20.076Z] <<< [apiv2][body] POST https://cloudresourcemanager.googleapis.com/v1/projects/appterritorios-e5bb5:testIamPermissions {"permissions":["firebase.projects.get","firebaseextensions.instances.list"]}
[debug] [2025-07-01T17:51:20.077Z] No OAuth tokens found
[debug] [2025-07-01T17:51:20.077Z] No OAuth tokens found
[debug] [2025-07-01T17:51:20.077Z] > command requires scopes: ["email","openid","https://www.googleapis.com/auth/cloudplatformprojects.readonly","https://www.googleapis.com/auth/firebase","https://www.googleapis.com/auth/cloud-platform"]
[debug] [2025-07-01T17:51:20.077Z] > authorizing via signed-in user (verton3@gmail.com)
[debug] [2025-07-01T17:51:20.081Z] >>> [apiv2][query] GET https://firebaseextensions.googleapis.com/v1beta/projects/appterritorios-e5bb5/instances pageSize=100&pageToken=
[debug] [2025-07-01T17:51:21.119Z] <<< [apiv2][status] GET https://firebaseextensions.googleapis.com/v1beta/projects/appterritorios-e5bb5/instances 200
[debug] [2025-07-01T17:51:21.119Z] <<< [apiv2][body] GET https://firebaseextensions.googleapis.com/v1beta/projects/appterritorios-e5bb5/instances {}
[info] i  functions: preparing functions directory for uploading... 
[info] i  functions: packaged /home/user/studio/functions (36.77 KB) for uploading 
[debug] [2025-07-01T17:51:21.212Z] No OAuth tokens found
[debug] [2025-07-01T17:51:21.212Z] No OAuth tokens found
[debug] [2025-07-01T17:51:21.212Z] > command requires scopes: ["email","openid","https://www.googleapis.com/auth/cloudplatformprojects.readonly","https://www.googleapis.com/auth/firebase","https://www.googleapis.com/auth/cloud-platform"]
[debug] [2025-07-01T17:51:21.215Z] > authorizing via signed-in user (verton3@gmail.com)
[debug] [2025-07-01T17:51:21.215Z] >>> [apiv2][query] GET https://cloudfunctions.googleapis.com/v1/projects/appterritorios-e5bb5/locations/-/functions [none]
[debug] [2025-07-01T17:51:22.137Z] <<< [apiv2][status] GET https://cloudfunctions.googleapis.com/v1/projects/appterritorios-e5bb5/locations/-/functions 200
[debug] [2025-07-01T17:51:22.139Z] <<< [apiv2][body] GET https://cloudfunctions.googleapis.com/v1/projects/appterritorios-e5bb5/locations/-/functions {}
[debug] [2025-07-01T17:51:22.139Z] No OAuth tokens found
[debug] [2025-07-01T17:51:22.140Z] No OAuth tokens found
[debug] [2025-07-01T17:51:22.140Z] > command requires scopes: ["email","openid","https://www.googleapis.com/auth/cloudplatformprojects.readonly","https://www.googleapis.com/auth/firebase","https://www.googleapis.com/auth/cloud-platform"]
[debug] [2025-07-01T17:51:22.140Z] > authorizing via signed-in user (verton3@gmail.com)
[debug] [2025-07-01T17:51:22.140Z] >>> [apiv2][query] GET https://cloudfunctions.googleapis.com/v2/projects/appterritorios-e5bb5/locations/-/functions filter=environment%3D%22GEN_2%22
[debug] [2025-07-01T17:51:23.311Z] <<< [apiv2][status] GET https://cloudfunctions.googleapis.com/v2/projects/appterritorios-e5bb5/locations/-/functions 200
[debug] [2025-07-01T17:51:23.311Z] <<< [apiv2][body] GET https://cloudfunctions.googleapis.com/v2/projects/appterritorios-e5bb5/locations/-/functions {"functions":[{"name":"projects/appterritorios-e5bb5/locations/us-central1/functions/getCongregationAdmins","buildConfig":{"build":"projects/83629039662/locations/us-central1/builds/0cd58552-33cf-4d22-8eb3-ecf8793eea35","runtime":"nodejs22","entryPoint":"getCongregationAdmins","source":{"storageSource":{"bucket":"gcf-v2-sources-83629039662-us-central1","object":"getCongregationAdmins/function-source.zip","generation":"1751312481358685"}},"environmentVariables":{"GOOGLE_NODE_RUN_SCRIPTS":""},"dockerRepository":"projects/appterritorios-e5bb5/locations/us-central1/repositories/gcf-artifacts","sourceProvenance":{"resolvedStorageSource":{"bucket":"gcf-v2-sources-83629039662-us-central1","object":"getCongregationAdmins/function-source.zip","generation":"1751312481358685"}},"dockerRegistry":"ARTIFACT_REGISTRY","serviceAccount":"projects/appterritorios-e5bb5/serviceAccounts/83629039662-compute@developer.gserviceaccount.com","automaticUpdatePolicy":{}},"serviceConfig":{"service":"projects/appterritorios-e5bb5/locations/us-central1/services/getcongregationadmins","timeoutSeconds":60,"environmentVariables":{"FIREBASE_CONFIG":"{\"projectId\":\"appterritorios-e5bb5\",\"storageBucket\":\"appterritorios-e5bb5.firebasestorage.app\"}","GCLOUD_PROJECT":"appterritorios-e5bb5","EVENTARC_CLOUD_EVENT_SOURCE":"projects/appterritorios-e5bb5/locations/us-central1/services/getCongregationAdmins","FUNCTION_TARGET":"getCongregationAdmins","LOG_EXECUTION_ID":"true"},"maxInstanceCount":3,"ingressSettings":"ALLOW_ALL","uri":"https://getcongregationadmins-gqzxj7si5a-uc.a.run.app","serviceAccountEmail":"83629039662-compute@developer.gserviceaccount.com","availableMemory":"256Mi","allTrafficOnLatestRevision":true,"revision":"getcongregationadmins-00004-weh","maxInstanceRequestConcurrency":80,"availableCpu":"1"},"state":"ACTIVE","updateTime":"2025-06-30T19:42:13.241044756Z","labels":{"deployment-callable":"true","firebase-functions-hash":"cc6447b1dfe76e99a39b78c64ac666a8e207fef9","deployment-tool":"cli-firebase--project-idx"},"environment":"GEN_2","url":"https://us-central1-appterritorios-e5bb5.cloudfunctions.net/getCongregationAdmins","createTime":"2025-06-30T17:33:58.451532551Z","satisfiesPzi":true}]}
[debug] [2025-07-01T17:51:23.329Z] No OAuth tokens found
[debug] [2025-07-01T17:51:23.329Z] No OAuth tokens found
[debug] [2025-07-01T17:51:23.329Z] > command requires scopes: ["email","openid","https://www.googleapis.com/auth/cloudplatformprojects.readonly","https://www.googleapis.com/auth/firebase","https://www.googleapis.com/auth/cloud-platform"]
[debug] [2025-07-01T17:51:23.330Z] > authorizing via signed-in user (verton3@gmail.com)
[debug] [2025-07-01T17:51:23.330Z] >>> [apiv2][query] GET https://cloudresourcemanager.googleapis.com/v1/projects/appterritorios-e5bb5 [none]
[debug] [2025-07-01T17:51:23.555Z] <<< [apiv2][status] GET https://cloudresourcemanager.googleapis.com/v1/projects/appterritorios-e5bb5 200
[debug] [2025-07-01T17:51:23.555Z] <<< [apiv2][body] GET https://cloudresourcemanager.googleapis.com/v1/projects/appterritorios-e5bb5 {"projectNumber":"83629039662","projectId":"appterritorios-e5bb5","lifecycleState":"ACTIVE","name":"AppTerritorios","labels":{"firebase":"enabled","firebase-core":"disabled"},"createTime":"2025-06-23T02:34:19.000625Z"}
[debug] [2025-07-01T17:51:23.558Z] No OAuth tokens found
[debug] [2025-07-01T17:51:23.558Z] No OAuth tokens found
[debug] [2025-07-01T17:51:23.558Z] > command requires scopes: ["email","openid","https://www.googleapis.com/auth/cloudplatformprojects.readonly","https://www.googleapis.com/auth/firebase","https://www.googleapis.com/auth/cloud-platform"]
[debug] [2025-07-01T17:51:23.558Z] > authorizing via signed-in user (verton3@gmail.com)
[debug] [2025-07-01T17:51:23.559Z] >>> [apiv2][query] GET https://cloudbilling.googleapis.com/v1/projects/appterritorios-e5bb5/billingInfo [none]
[debug] [2025-07-01T17:51:24.619Z] <<< [apiv2][status] GET https://cloudbilling.googleapis.com/v1/projects/appterritorios-e5bb5/billingInfo 200
[debug] [2025-07-01T17:51:24.619Z] <<< [apiv2][body] GET https://cloudbilling.googleapis.com/v1/projects/appterritorios-e5bb5/billingInfo {"name":"projects/appterritorios-e5bb5/billingInfo","projectId":"appterritorios-e5bb5","billingAccountName":"billingAccounts/01913D-0A91D4-981F95","billingEnabled":true}
[debug] [2025-07-01T17:51:24.622Z] No OAuth tokens found
[debug] [2025-07-01T17:51:24.622Z] No OAuth tokens found
[debug] [2025-07-01T17:51:24.622Z] > command requires scopes: ["email","openid","https://www.googleapis.com/auth/cloudplatformprojects.readonly","https://www.googleapis.com/auth/firebase","https://www.googleapis.com/auth/cloud-platform"]
[debug] [2025-07-01T17:51:24.622Z] > authorizing via signed-in user (verton3@gmail.com)
[debug] [2025-07-01T17:51:24.623Z] >>> [apiv2][query] POST https://cloudfunctions.googleapis.com/v1/projects/appterritorios-e5bb5/locations/us-central1/functions:generateUploadUrl [none]
[debug] [2025-07-01T17:51:24.625Z] >>> [apiv2][body] POST https://cloudfunctions.googleapis.com/v1/projects/appterritorios-e5bb5/locations/us-central1/functions:generateUploadUrl {}
[debug] [2025-07-01T17:51:34.163Z] <<< [apiv2][status] POST https://cloudfunctions.googleapis.com/v1/projects/appterritorios-e5bb5/locations/us-central1/functions:generateUploadUrl 200
[debug] [2025-07-01T17:51:34.163Z] <<< [apiv2][body] POST https://cloudfunctions.googleapis.com/v1/projects/appterritorios-e5bb5/locations/us-central1/functions:generateUploadUrl {"uploadUrl":"https://storage.googleapis.com/uploads-957651402395.us-central1.cloudfunctions.appspot.com/5c91cf7b-2ab1-41a1-a537-31649408bb00.zip?GoogleAccessId=service-83629039662@gcf-admin-robot.iam.gserviceaccount.com&Expires=1751394094&Signature=ULByuatr1TuVj9kSxGXmv1l2wVzdpIyqI0Gwm%2FXcxhrR3HgePuu%2F0I0sx%2FESUCIOWHI4DmMt%2BRbMDrnMbx8Fd2q8xtcwTnAbWBEloI0UqRERDbAz56Bvnr1eY2Ue%2BBQkT%2BsgBk4qnK5MqokOxawwJHPAbM6AuXZyRzHy3xR8lUzzEvB76KMhcNqaXDhoeTj0MyET0e91FazTU2dARoGdcu1dZ6tDUROft%2BVUDiHA%2FvRMoXxMwp4NICHiTiDEDpt%2BRBKFv2W%2Bpfb078I%2FP5irYTJJsqVShVGXZ5gGjT2FEKud6q%2BA1L86z9NkM2W19extHWlin215Z%2BtoVPvT2JwQDQ%3D%3D"}
[debug] [2025-07-01T17:51:34.167Z] >>> [apiv2][query] PUT https://storage.googleapis.com/uploads-957651402395.us-central1.cloudfunctions.appspot.com/5c91cf7b-2ab1-41a1-a537-31649408bb00.zip GoogleAccessId=service-83629039662%40gcf-admin-robot.iam.gserviceaccount.com&Expires=1751394094&Signature=ULByuatr1TuVj9kSxGXmv1l2wVzdpIyqI0Gwm%2FXcxhrR3HgePuu%2F0I0sx%2FESUCIOWHI4DmMt%2BRbMDrnMbx8Fd2q8xtcwTnAbWBEloI0UqRERDbAz56Bvnr1eY2Ue%2BBQkT%2BsgBk4qnK5MqokOxawwJHPAbM6AuXZyRzHy3xR8lUzzEvB76KMhcNqaXDhoeTj0MyET0e91FazTU2dARoGdcu1dZ6tDUROft%2BVUDiHA%2FvRMoXxMwp4NICHiTiDEDpt%2BRBKFv2W%2Bpfb078I%2FP5irYTJJsqVShVGXZ5gGjT2FEKud6q%2BA1L86z9NkM2W19extHWlin215Z%2BtoVPvT2JwQDQ%3D%3D
[debug] [2025-07-01T17:51:34.167Z] >>> [apiv2][body] PUT https://storage.googleapis.com/uploads-957651402395.us-central1.cloudfunctions.appspot.com/5c91cf7b-2ab1-41a1-a537-31649408bb00.zip [stream]
[debug] [2025-07-01T17:51:35.392Z] <<< [apiv2][status] PUT https://storage.googleapis.com/uploads-957651402395.us-central1.cloudfunctions.appspot.com/5c91cf7b-2ab1-41a1-a537-31649408bb00.zip 200
[debug] [2025-07-01T17:51:35.392Z] <<< [apiv2][body] PUT https://storage.googleapis.com/uploads-957651402395.us-central1.cloudfunctions.appspot.com/5c91cf7b-2ab1-41a1-a537-31649408bb00.zip [omitted]
[info] ✔  functions: functions folder uploaded successfully 
[info] 
The following functions are found in your project but do not exist in your local source code:
	getCongregationAdmins(us-central1)

If you are renaming a function or changing its region, it is recommended that you create the new function first before deleting the old one to prevent event loss. For more info, visit https://firebase.google.com/docs/functions/manage-functions#modify

[info] i  functions: creating Node.js 18 (1st Gen) function notifyAdminOfNewUser(us-central1)... 
[info] i  functions: creating Node.js 18 (1st Gen) function deleteUserAccount(us-central1)... 
[debug] [2025-07-01T17:52:01.124Z] No OAuth tokens found
[debug] [2025-07-01T17:52:01.124Z] No OAuth tokens found
[debug] [2025-07-01T17:52:01.124Z] > command requires scopes: ["email","openid","https://www.googleapis.com/auth/cloudplatformprojects.readonly","https://www.googleapis.com/auth/firebase","https://www.googleapis.com/auth/cloud-platform"]
[debug] [2025-07-01T17:52:01.127Z] > authorizing via signed-in user (verton3@gmail.com)
[info] i  functions: deleting Node.js 22 (2nd Gen) function getCongregationAdmins(us-central1)... 
[debug] [2025-07-01T17:52:01.142Z] No OAuth tokens found
[debug] [2025-07-01T17:52:01.142Z] No OAuth tokens found
[debug] [2025-07-01T17:52:01.142Z] > command requires scopes: ["email","openid","https://www.googleapis.com/auth/cloudplatformprojects.readonly","https://www.googleapis.com/auth/firebase","https://www.googleapis.com/auth/cloud-platform"]
[debug] [2025-07-01T17:52:01.142Z] > authorizing via signed-in user (verton3@gmail.com)
[debug] [2025-07-01T17:52:01.145Z] >>> [apiv2][query] POST https://cloudfunctions.googleapis.com/v1/projects/appterritorios-e5bb5/locations/us-central1/functions [none]
[debug] [2025-07-01T17:52:01.145Z] >>> [apiv2][body] POST https://cloudfunctions.googleapis.com/v1/projects/appterritorios-e5bb5/locations/us-central1/functions {"name":"projects/appterritorios-e5bb5/locations/us-central1/functions/notifyAdminOfNewUser","sourceUploadUrl":"https://storage.googleapis.com/uploads-957651402395.us-central1.cloudfunctions.appspot.com/5c91cf7b-2ab1-41a1-a537-31649408bb00.zip?GoogleAccessId=service-83629039662@gcf-admin-robot.iam.gserviceaccount.com&Expires=1751394094&Signature=ULByuatr1TuVj9kSxGXmv1l2wVzdpIyqI0Gwm%2FXcxhrR3HgePuu%2F0I0sx%2FESUCIOWHI4DmMt%2BRbMDrnMbx8Fd2q8xtcwTnAbWBEloI0UqRERDbAz56Bvnr1eY2Ue%2BBQkT%2BsgBk4qnK5MqokOxawwJHPAbM6AuXZyRzHy3xR8lUzzEvB76KMhcNqaXDhoeTj0MyET0e91FazTU2dARoGdcu1dZ6tDUROft%2BVUDiHA%2FvRMoXxMwp4NICHiTiDEDpt%2BRBKFv2W%2Bpfb078I%2FP5irYTJJsqVShVGXZ5gGjT2FEKud6q%2BA1L86z9NkM2W19extHWlin215Z%2BtoVPvT2JwQDQ%3D%3D","entryPoint":"notifyAdminOfNewUser","runtime":"nodejs18","dockerRegistry":"ARTIFACT_REGISTRY","labels":{"deployment-tool":"cli-firebase--project-idx","firebase-functions-hash":"675958d2f496bb98ed43f9aa1fb43f62d72f9c7b"},"eventTrigger":{"eventType":"providers/cloud.firestore/eventTypes/document.create","resource":"projects/appterritorios-e5bb5/databases/(default)/documents/users/{userId}"},"minInstances":null,"maxInstances":null,"ingressSettings":null,"environmentVariables":{"FIREBASE_CONFIG":"{\"projectId\":\"appterritorios-e5bb5\",\"storageBucket\":\"appterritorios-e5bb5.firebasestorage.app\"}","GCLOUD_PROJECT":"appterritorios-e5bb5","EVENTARC_CLOUD_EVENT_SOURCE":"projects/appterritorios-e5bb5/locations/us-central1/functions/notifyAdminOfNewUser"},"serviceAccountEmail":null,"availableMemoryMb":null,"timeout":null,"vpcConnector":null,"vpcConnectorEgressSettings":null,"buildEnvironmentVariables":{"GOOGLE_NODE_RUN_SCRIPTS":""}}
[debug] [2025-07-01T17:52:01.151Z] >>> [apiv2][query] DELETE https://cloudfunctions.googleapis.com/v2/projects/appterritorios-e5bb5/locations/us-central1/functions/getCongregationAdmins [none]
[debug] [2025-07-01T17:52:02.055Z] <<< [apiv2][status] DELETE https://cloudfunctions.googleapis.com/v2/projects/appterritorios-e5bb5/locations/us-central1/functions/getCongregationAdmins 200
[debug] [2025-07-01T17:52:02.058Z] <<< [apiv2][body] DELETE https://cloudfunctions.googleapis.com/v2/projects/appterritorios-e5bb5/locations/us-central1/functions/getCongregationAdmins {"name":"projects/appterritorios-e5bb5/locations/us-central1/operations/operation-1751392321936-638e1cd361dd8-faad8eef-43ab4122","metadata":{"@type":"type.googleapis.com/google.cloud.functions.v2.OperationMetadata","createTime":"2025-07-01T17:52:01.953758779Z","target":"projects/appterritorios-e5bb5/locations/us-central1/functions/getCongregationAdmins","verb":"delete","cancelRequested":false,"apiVersion":"v2"},"done":false}
[debug] [2025-07-01T17:52:02.059Z] No OAuth tokens found
[debug] [2025-07-01T17:52:02.059Z] No OAuth tokens found
[debug] [2025-07-01T17:52:02.060Z] > command requires scopes: ["email","openid","https://www.googleapis.com/auth/cloudplatformprojects.readonly","https://www.googleapis.com/auth/firebase","https://www.googleapis.com/auth/cloud-platform"]
[debug] [2025-07-01T17:52:02.066Z] > authorizing via signed-in user (verton3@gmail.com)
[debug] [2025-07-01T17:52:02.067Z] >>> [apiv2][query] GET https://cloudfunctions.googleapis.com/v2/projects/appterritorios-e5bb5/locations/us-central1/operations/operation-1751392321936-638e1cd361dd8-faad8eef-43ab4122 [none]
[debug] [2025-07-01T17:52:02.103Z] <<< [apiv2][status] POST https://cloudfunctions.googleapis.com/v1/projects/appterritorios-e5bb5/locations/us-central1/functions 200
[debug] [2025-07-01T17:52:02.103Z] <<< [apiv2][body] POST https://cloudfunctions.googleapis.com/v1/projects/appterritorios-e5bb5/locations/us-central1/functions {"name":"operations/cHJvamVjdHMvYXBwdGVycml0b3Jpb3MtZTViYjUvbG9jYXRpb25zL3VzLWNlbnRyYWwxL29wZXJhdGlvbnMvb3BlcmF0aW9uLTE3NTEzOTIzMjE0OTItNjM4ZTFjZDJmNTdiZS1kZTU0Y2VhYi0wNzMyYWU4YQ","metadata":{"@type":"type.googleapis.com/google.cloud.functions.v1.OperationMetadataV1","target":"projects/appterritorios-e5bb5/locations/us-central1/functions/notifyAdminOfNewUser","updateTime":"2025-07-01T17:52:01.968370704Z"}}
[debug] [2025-07-01T17:52:02.106Z] No OAuth tokens found
[debug] [2025-07-01T17:52:02.106Z] No OAuth tokens found
[debug] [2025-07-01T17:52:02.107Z] > command requires scopes: ["email","openid","https://www.googleapis.com/auth/cloudplatformprojects.readonly","https://www.googleapis.com/auth/firebase","https://www.googleapis.com/auth/cloud-platform"]
[debug] [2025-07-01T17:52:02.118Z] > authorizing via signed-in user (verton3@gmail.com)
[debug] [2025-07-01T17:52:02.118Z] >>> [apiv2][query] GET https://cloudfunctions.googleapis.com/v1/operations/cHJvamVjdHMvYXBwdGVycml0b3Jpb3MtZTViYjUvbG9jYXRpb25zL3VzLWNlbnRyYWwxL29wZXJhdGlvbnMvb3BlcmF0aW9uLTE3NTEzOTIzMjE0OTItNjM4ZTFjZDJmNTdiZS1kZTU0Y2VhYi0wNzMyYWU4YQ [none]
[debug] [2025-07-01T17:52:02.392Z] <<< [apiv2][status] GET https://cloudfunctions.googleapis.com/v2/projects/appterritorios-e5bb5/locations/us-central1/operations/operation-1751392321936-638e1cd361dd8-faad8eef-43ab4122 200
[debug] [2025-07-01T17:52:02.396Z] <<< [apiv2][body] GET https://cloudfunctions.googleapis.com/v2/projects/appterritorios-e5bb5/locations/us-central1/operations/operation-1751392321936-638e1cd361dd8-faad8eef-43ab4122 {"name":"projects/appterritorios-e5bb5/locations/us-central1/operations/operation-1751392321936-638e1cd361dd8-faad8eef-43ab4122","metadata":{"@type":"type.googleapis.com/google.cloud.functions.v2.OperationMetadata","createTime":"2025-07-01T17:52:01.953758779Z","target":"projects/appterritorios-e5bb5/locations/us-central1/functions/getCongregationAdmins","verb":"delete","cancelRequested":false,"apiVersion":"v2","requestResource":{"@type":"type.googleapis.com/google.cloud.functions.v2.Function","name":"projects/appterritorios-e5bb5/locations/us-central1/functions/getCongregationAdmins","environment":"GEN_2"},"stages":[{"name":"ARTIFACT_REGISTRY","state":"NOT_STARTED"},{"name":"SERVICE","message":"Deleting Cloud Run service","state":"IN_PROGRESS","resource":"projects/appterritorios-e5bb5/locations/us-central1/services/getcongregationadmins"}],"operationType":"DELETE_FUNCTION"},"done":false}
[debug] [2025-07-01T17:52:02.682Z] <<< [apiv2][status] GET https://cloudfunctions.googleapis.com/v1/operations/cHJvamVjdHMvYXBwdGVycml0b3Jpb3MtZTViYjUvbG9jYXRpb25zL3VzLWNlbnRyYWwxL29wZXJhdGlvbnMvb3BlcmF0aW9uLTE3NTEzOTIzMjE0OTItNjM4ZTFjZDJmNTdiZS1kZTU0Y2VhYi0wNzMyYWU4YQ 200
[debug] [2025-07-01T17:52:02.683Z] <<< [apiv2][body] GET https://cloudfunctions.googleapis.com/v1/operations/cHJvamVjdHMvYXBwdGVycml0b3Jpb3MtZTViYjUvbG9jYXRpb25zL3VzLWNlbnRyYWwxL29wZXJhdGlvbnMvb3BlcmF0aW9uLTE3NTEzOTIzMjE0OTItNjM4ZTFjZDJmNTdiZS1kZTU0Y2VhYi0wNzMyYWU4YQ {"name":"operations/cHJvamVjdHMvYXBwdGVycml0b3Jpb3MtZTViYjUvbG9jYXRpb25zL3VzLWNlbnRyYWwxL29wZXJhdGlvbnMvb3BlcmF0aW9uLTE3NTEzOTIzMjE0OTItNjM4ZTFjZDJmNTdiZS1kZTU0Y2VhYi0wNzMyYWU4YQ","metadata":{"@type":"type.googleapis.com/google.cloud.functions.v1.OperationMetadataV1","target":"projects/appterritorios-e5bb5/locations/us-central1/functions/notifyAdminOfNewUser","updateTime":"2025-07-01T17:52:01.968370704Z"}}
[debug] [2025-07-01T17:52:02.897Z] [delete-default-us-central1-getCongregationAdmins] Retrying task index 0
[debug] [2025-07-01T17:52:02.899Z] No OAuth tokens found
[debug] [2025-07-01T17:52:02.901Z] No OAuth tokens found
[debug] [2025-07-01T17:52:02.902Z] > command requires scopes: ["email","openid","https://www.googleapis.com/auth/cloudplatformprojects.readonly","https://www.googleapis.com/auth/firebase","https://www.googleapis.com/auth/cloud-platform"]
[debug] [2025-07-01T17:52:02.906Z] > authorizing via signed-in user (verton3@gmail.com)
[debug] [2025-07-01T17:52:02.906Z] >>> [apiv2][query] GET https://cloudfunctions.googleapis.com/v2/projects/appterritorios-e5bb5/locations/us-central1/operations/operation-1751392321936-638e1cd361dd8-faad8eef-43ab4122 [none]
[debug] [2025-07-01T17:52:03.184Z] [create-default-us-central1-notifyAdminOfNewUser] Retrying task index 0
[debug] [2025-07-01T17:52:03.199Z] No OAuth tokens found
[debug] [2025-07-01T17:52:03.214Z] No OAuth tokens found
[debug] [2025-07-01T17:52:03.214Z] > command requires scopes: ["email","openid","https://www.googleapis.com/auth/cloudplatformprojects.readonly","https://www.googleapis.com/auth/firebase","https://www.googleapis.com/auth/cloud-platform"]
[debug] [2025-07-01T17:52:03.224Z] > authorizing via signed-in user (verton3@gmail.com)
[debug] [2025-07-01T17:52:03.230Z] >>> [apiv2][query] GET https://cloudfunctions.googleapis.com/v1/operations/cHJvamVjdHMvYXBwdGVycml0b3Jpb3MtZTViYjUvbG9jYXRpb25zL3VzLWNlbnRyYWwxL29wZXJhdGlvbnMvb3BlcmF0aW9uLTE3NTEzOTIzMjE0OTItNjM4ZTFjZDJmNTdiZS1kZTU0Y2VhYi0wNzMyYWU4YQ [none]
[debug] [2025-07-01T17:52:03.600Z] <<< [apiv2][status] GET https://cloudfunctions.googleapis.com/v1/operations/cHJvamVjdHMvYXBwdGVycml0b3Jpb3MtZTViYjUvbG9jYXRpb25zL3VzLWNlbnRyYWwxL29wZXJhdGlvbnMvb3BlcmF0aW9uLTE3NTEzOTIzMjE0OTItNjM4ZTFjZDJmNTdiZS1kZTU0Y2VhYi0wNzMyYWU4YQ 200
[debug] [2025-07-01T17:52:03.601Z] <<< [apiv2][body] GET https://cloudfunctions.googleapis.com/v1/operations/cHJvamVjdHMvYXBwdGVycml0b3Jpb3MtZTViYjUvbG9jYXRpb25zL3VzLWNlbnRyYWwxL29wZXJhdGlvbnMvb3BlcmF0aW9uLTE3NTEzOTIzMjE0OTItNjM4ZTFjZDJmNTdiZS1kZTU0Y2VhYi0wNzMyYWU4YQ {"name":"operations/cHJvamVjdHMvYXBwdGVycml0b3Jpb3MtZTViYjUvbG9jYXRpb25zL3VzLWNlbnRyYWwxL29wZXJhdGlvbnMvb3BlcmF0aW9uLTE3NTEzOTIzMjE0OTItNjM4ZTFjZDJmNTdiZS1kZTU0Y2VhYi0wNzMyYWU4YQ","metadata":{"@type":"type.googleapis.com/google.cloud.functions.v1.OperationMetadataV1","target":"projects/appterritorios-e5bb5/locations/us-central1/functions/notifyAdminOfNewUser","type":"CREATE_FUNCTION","request":{"@type":"type.googleapis.com/google.cloud.functions.v1.CloudFunction","name":"projects/appterritorios-e5bb5/locations/us-central1/functions/notifyAdminOfNewUser","eventTrigger":{"eventType":"providers/cloud.firestore/eventTypes/document.create","resource":"projects/appterritorios-e5bb5/databases/(default)/documents/users/{userId}","failurePolicy":{}},"entryPoint":"notifyAdminOfNewUser","updateTime":"1970-01-01T00:00:00Z","labels":{"deployment-tool":"cli-firebase--project-idx","firebase-functions-hash":"675958d2f496bb98ed43f9aa1fb43f62d72f9c7b"},"sourceUploadUrl":"https://storage.googleapis.com/uploads-957651402395.us-central1.cloudfunctions.appspot.com/5c91cf7b-2ab1-41a1-a537-31649408bb00.zip?GoogleAccessId=service-83629039662@gcf-admin-robot.iam.gserviceaccount.com&Expires=1751394094&Signature=ULByuatr1TuVj9kSxGXmv1l2wVzdpIyqI0Gwm%2FXcxhrR3HgePuu%2F0I0sx%2FESUCIOWHI4DmMt%2BRbMDrnMbx8Fd2q8xtcwTnAbWBEloI0UqRERDbAz56Bvnr1eY2Ue%2BBQkT%2BsgBk4qnK5MqokOxawwJHPAbM6AuXZyRzHy3xR8lUzzEvB76KMhcNqaXDhoeTj0MyET0e91FazTU2dARoGdcu1dZ6tDUROft%2BVUDiHA%2FvRMoXxMwp4NICHiTiDEDpt%2BRBKFv2W%2Bpfb078I%2FP5irYTJJsqVShVGXZ5gGjT2FEKud6q%2BA1L86z9NkM2W19extHWlin215Z%2BtoVPvT2JwQDQ%3D%3D","environmentVariables":{"FIREBASE_CONFIG":"{\"projectId\":\"appterritorios-e5bb5\",\"storageBucket\":\"appterritorios-e5bb5.firebasestorage.app\"}","GCLOUD_PROJECT":"appterritorios-e5bb5","EVENTARC_CLOUD_EVENT_SOURCE":"projects/appterritorios-e5bb5/locations/us-central1/functions/notifyAdminOfNewUser"},"runtime":"nodejs18","buildEnvironmentVariables":{"GOOGLE_NODE_RUN_SCRIPTS":""},"dockerRegistry":"ARTIFACT_REGISTRY"},"versionId":"1","updateTime":"2025-07-01T17:52:01.968370704Z"}}
[debug] [2025-07-01T17:52:03.795Z] <<< [apiv2][status] GET https://cloudfunctions.googleapis.com/v2/projects/appterritorios-e5bb5/locations/us-central1/operations/operation-1751392321936-638e1cd361dd8-faad8eef-43ab4122 200
[debug] [2025-07-01T17:52:03.796Z] <<< [apiv2][body] GET https://cloudfunctions.googleapis.com/v2/projects/appterritorios-e5bb5/locations/us-central1/operations/operation-1751392321936-638e1cd361dd8-faad8eef-43ab4122 {"name":"projects/appterritorios-e5bb5/locations/us-central1/operations/operation-1751392321936-638e1cd361dd8-faad8eef-43ab4122","metadata":{"@type":"type.googleapis.com/google.cloud.functions.v2.OperationMetadata","createTime":"2025-07-01T17:52:01.953758779Z","target":"projects/appterritorios-e5bb5/locations/us-central1/functions/getCongregationAdmins","verb":"delete","cancelRequested":false,"apiVersion":"v2","requestResource":{"@type":"type.googleapis.com/google.cloud.functions.v2.Function","name":"projects/appterritorios-e5bb5/locations/us-central1/functions/getCongregationAdmins","environment":"GEN_2"},"stages":[{"name":"ARTIFACT_REGISTRY","state":"NOT_STARTED"},{"name":"SERVICE","message":"Deleting Cloud Run service","state":"IN_PROGRESS","resource":"projects/appterritorios-e5bb5/locations/us-central1/services/getcongregationadmins"}],"operationType":"DELETE_FUNCTION"},"done":false}
[debug] [2025-07-01T17:52:04.604Z] [create-default-us-central1-notifyAdminOfNewUser] Retrying task index 0
[debug] [2025-07-01T17:52:04.605Z] No OAuth tokens found
[debug] [2025-07-01T17:52:04.605Z] No OAuth tokens found
[debug] [2025-07-01T17:52:04.605Z] > command requires scopes: ["email","openid","https://www.googleapis.com/auth/cloudplatformprojects.readonly","https://www.googleapis.com/auth/firebase","https://www.googleapis.com/auth/cloud-platform"]
[debug] [2025-07-01T17:52:04.614Z] > authorizing via signed-in user (verton3@gmail.com)
[debug] [2025-07-01T17:52:04.614Z] >>> [apiv2][query] GET https://cloudfunctions.googleapis.com/v1/operations/cHJvamVjdHMvYXBwdGVycml0b3Jpb3MtZTViYjUvbG9jYXRpb25zL3VzLWNlbnRyYWwxL29wZXJhdGlvbnMvb3BlcmF0aW9uLTE3NTEzOTIzMjE0OTItNjM4ZTFjZDJmNTdiZS1kZTU0Y2VhYi0wNzMyYWU4YQ [none]
[debug] [2025-07-01T17:52:04.806Z] [delete-default-us-central1-getCongregationAdmins] Retrying task index 0
[debug] [2025-07-01T17:52:04.806Z] No OAuth tokens found
[debug] [2025-07-01T17:52:04.807Z] No OAuth tokens found
[debug] [2025-07-01T17:52:04.811Z] > command requires scopes: ["email","openid","https://www.googleapis.com/auth/cloudplatformprojects.readonly","https://www.googleapis.com/auth/firebase","https://www.googleapis.com/auth/cloud-platform"]
[debug] [2025-07-01T17:52:04.811Z] > authorizing via signed-in user (verton3@gmail.com)
[debug] [2025-07-01T17:52:04.811Z] >>> [apiv2][query] GET https://cloudfunctions.googleapis.com/v2/projects/appterritorios-e5bb5/locations/us-central1/operations/operation-1751392321936-638e1cd361dd8-faad8eef-43ab4122 [none]
[debug] [2025-07-01T17:52:05.147Z] <<< [apiv2][status] GET https://cloudfunctions.googleapis.com/v1/operations/cHJvamVjdHMvYXBwdGVycml0b3Jpb3MtZTViYjUvbG9jYXRpb25zL3VzLWNlbnRyYWwxL29wZXJhdGlvbnMvb3BlcmF0aW9uLTE3NTEzOTIzMjE0OTItNjM4ZTFjZDJmNTdiZS1kZTU0Y2VhYi0wNzMyYWU4YQ 200
[debug] [2025-07-01T17:52:05.151Z] <<< [apiv2][body] GET https://cloudfunctions.googleapis.com/v1/operations/cHJvamVjdHMvYXBwdGVycml0b3Jpb3MtZTViYjUvbG9jYXRpb25zL3VzLWNlbnRyYWwxL29wZXJhdGlvbnMvb3BlcmF0aW9uLTE3NTEzOTIzMjE0OTItNjM4ZTFjZDJmNTdiZS1kZTU0Y2VhYi0wNzMyYWU4YQ {"name":"operations/cHJvamVjdHMvYXBwdGVycml0b3Jpb3MtZTViYjUvbG9jYXRpb25zL3VzLWNlbnRyYWwxL29wZXJhdGlvbnMvb3BlcmF0aW9uLTE3NTEzOTIzMjE0OTItNjM4ZTFjZDJmNTdiZS1kZTU0Y2VhYi0wNzMyYWU4YQ","metadata":{"@type":"type.googleapis.com/google.cloud.functions.v1.OperationMetadataV1","target":"projects/appterritorios-e5bb5/locations/us-central1/functions/notifyAdminOfNewUser","type":"CREATE_FUNCTION","request":{"@type":"type.googleapis.com/google.cloud.functions.v1.CloudFunction","name":"projects/appterritorios-e5bb5/locations/us-central1/functions/notifyAdminOfNewUser","eventTrigger":{"eventType":"providers/cloud.firestore/eventTypes/document.create","resource":"projects/appterritorios-e5bb5/databases/(default)/documents/users/{userId}","failurePolicy":{}},"entryPoint":"notifyAdminOfNewUser","updateTime":"1970-01-01T00:00:00Z","labels":{"deployment-tool":"cli-firebase--project-idx","firebase-functions-hash":"675958d2f496bb98ed43f9aa1fb43f62d72f9c7b"},"sourceUploadUrl":"https://storage.googleapis.com/uploads-957651402395.us-central1.cloudfunctions.appspot.com/5c91cf7b-2ab1-41a1-a537-31649408bb00.zip?GoogleAccessId=service-83629039662@gcf-admin-robot.iam.gserviceaccount.com&Expires=1751394094&Signature=ULByuatr1TuVj9kSxGXmv1l2wVzdpIyqI0Gwm%2FXcxhrR3HgePuu%2F0I0sx%2FESUCIOWHI4DmMt%2BRbMDrnMbx8Fd2q8xtcwTnAbWBEloI0UqRERDbAz56Bvnr1eY2Ue%2BBQkT%2BsgBk4qnK5MqokOxawwJHPAbM6AuXZyRzHy3xR8lUzzEvB76KMhcNqaXDhoeTj0MyET0e91FazTU2dARoGdcu1dZ6tDUROft%2BVUDiHA%2FvRMoXxMwp4NICHiTiDEDpt%2BRBKFv2W%2Bpfb078I%2FP5irYTJJsqVShVGXZ5gGjT2FEKud6q%2BA1L86z9NkM2W19extHWlin215Z%2BtoVPvT2JwQDQ%3D%3D","environmentVariables":{"FIREBASE_CONFIG":"{\"projectId\":\"appterritorios-e5bb5\",\"storageBucket\":\"appterritorios-e5bb5.firebasestorage.app\"}","GCLOUD_PROJECT":"appterritorios-e5bb5","EVENTARC_CLOUD_EVENT_SOURCE":"projects/appterritorios-e5bb5/locations/us-central1/functions/notifyAdminOfNewUser"},"runtime":"nodejs18","buildEnvironmentVariables":{"GOOGLE_NODE_RUN_SCRIPTS":""},"dockerRegistry":"ARTIFACT_REGISTRY"},"versionId":"1","updateTime":"2025-07-01T17:52:01.968370704Z"}}
